Build started 07-05-2013 12:40:44.
     1>Project "F:\Personal and Projects\project\Hand Gesture System\Hand Gesture system\Hand Gesture system\Hand Gesture system.vcxproj" on node 2 (build target(s)).
     1>InitializeBuildStatus:
         Creating "Release\Hand Gesture system.unsuccessfulbuild" because "AlwaysCreate" was specified.
       ClCompile:
         All outputs are up-to-date.
         c:\Program Files (x86)\Microsoft Visual Studio 10.0\VC\bin\CL.exe /c /I"C:\Program Files (x86)\boost\boost_1_47" /I"F:\Personal and Projects\project\Hand Gesture System\openCv2.4.2 (Source and Setup)\tbb41_20120718oss\include" /I"F:\Personal and Projects\project\Hand Gesture System\Lib, Include, bin, dll\Includes\opencv" /Zi /nologo /W3 /WX- /O2 /Oi /Oy- /GL /D WIN32 /D NDEBUG /D _CONSOLE /D _UNICODE /D UNICODE /Gm- /EHsc /MD /GS /Gy /fp:precise /Zc:wchar_t /Zc:forScope /Yu"StdAfx.h" /Fp"Release\Hand Gesture system.pch" /Fo"Release\\" /Fd"Release\vc100.pdb" /Gd /TP /analyze- /errorReport:prompt "Hand Gesture.cpp"
         Hand Gesture.cpp
     1>f:\personal and projects\project\hand gesture system\lib, include, bin, dll\includes\opencv2\flann\logger.h(66): warning C4996: 'fopen': This function or variable may be unsafe. Consider using fopen_s instead. To disable deprecation, use _CRT_SECURE_NO_WARNINGS. See online help for details.
                 c:\Program Files (x86)\Microsoft Visual Studio 10.0\VC\include\stdio.h(234) : see declaration of 'fopen'
     1>Hand Gesture.cpp(28): warning C4005: '_WIN32_WINNT' : macro redefinition
                 C:\Program Files (x86)\Microsoft SDKs\Windows\v7.0A\include\SDKDDKVer.h(197) : see previous definition of '_WIN32_WINNT'
     1>Hand Gesture.cpp(106): warning C4244: '=' : conversion from 'double' to 'int', possible loss of data
     1>Hand Gesture.cpp(107): warning C4244: '=' : conversion from 'double' to 'int', possible loss of data
     1>Hand Gesture.cpp(116): warning C4244: '=' : conversion from 'double' to 'int', possible loss of data
     1>Hand Gesture.cpp(117): warning C4244: '=' : conversion from 'double' to 'int', possible loss of data
     1>Hand Gesture.cpp(363): warning C4018: '>' : signed/unsigned mismatch
     1>Hand Gesture.cpp(434): warning C4244: '=' : conversion from 'float' to 'int', possible loss of data
     1>Hand Gesture.cpp(435): warning C4244: '=' : conversion from 'float' to 'int', possible loss of data
     1>Hand Gesture.cpp(436): warning C4244: '=' : conversion from 'float' to 'int', possible loss of data
     1>Hand Gesture.cpp(437): warning C4244: '=' : conversion from 'float' to 'int', possible loss of data
     1>Hand Gesture.cpp(521): warning C4244: '=' : conversion from 'float' to 'int', possible loss of data
     1>Hand Gesture.cpp(522): warning C4244: '=' : conversion from 'float' to 'int', possible loss of data
     1>Hand Gesture.cpp(523): warning C4244: '=' : conversion from 'float' to 'int', possible loss of data
     1>Hand Gesture.cpp(524): warning C4244: '=' : conversion from 'float' to 'int', possible loss of data
     1>Hand Gesture.cpp(606): warning C4244: '=' : conversion from 'float' to 'int', possible loss of data
     1>Hand Gesture.cpp(607): warning C4244: '=' : conversion from 'float' to 'int', possible loss of data
     1>Hand Gesture.cpp(608): warning C4244: '=' : conversion from 'float' to 'int', possible loss of data
     1>Hand Gesture.cpp(609): warning C4244: '=' : conversion from 'float' to 'int', possible loss of data
     1>Hand Gesture.cpp(700): warning C4244: '=' : conversion from 'float' to 'int', possible loss of data
     1>Hand Gesture.cpp(701): warning C4244: '=' : conversion from 'float' to 'int', possible loss of data
     1>Hand Gesture.cpp(702): warning C4244: '=' : conversion from 'float' to 'int', possible loss of data
     1>Hand Gesture.cpp(703): warning C4244: '=' : conversion from 'float' to 'int', possible loss of data
     1>Hand Gesture.cpp(836): warning C4018: '<' : signed/unsigned mismatch
     1>Hand Gesture.cpp(839): warning C4018: '<' : signed/unsigned mismatch
     1>Hand Gesture.cpp(851): warning C4244: '=' : conversion from 'double' to 'int', possible loss of data
     1>Hand Gesture.cpp(860): warning C4244: '=' : conversion from 'double' to 'int', possible loss of data
     1>Hand Gesture.cpp(867): warning C4244: '=' : conversion from 'double' to 'int', possible loss of data
     1>Hand Gesture.cpp(941): warning C4018: '<' : signed/unsigned mismatch
     1>Hand Gesture.cpp(1014): warning C4018: '<' : signed/unsigned mismatch
     1>Hand Gesture.cpp(1021): warning C4244: 'argument' : conversion from 'double' to 'float', possible loss of data
     1>Hand Gesture.cpp(1021): warning C4244: 'argument' : conversion from 'double' to 'float', possible loss of data
     1>Hand Gesture.cpp(1026): warning C4018: '<' : signed/unsigned mismatch
     1>Hand Gesture.cpp(1064): warning C4244: 'argument' : conversion from 'float' to 'int', possible loss of data
     1>Hand Gesture.cpp(1064): warning C4244: 'argument' : conversion from 'float' to 'int', possible loss of data
     1>Hand Gesture.cpp(1078): warning C4244: 'argument' : conversion from 'float' to 'int', possible loss of data
     1>Hand Gesture.cpp(1078): warning C4244: 'argument' : conversion from 'float' to 'int', possible loss of data
       Link:
         c:\Program Files (x86)\Microsoft Visual Studio 10.0\VC\bin\link.exe /ERRORREPORT:PROMPT /OUT:"F:\Personal and Projects\project\Hand Gesture System\Hand Gesture system\Release\Hand Gesture system.exe" /INCREMENTAL:NO /NOLOGO /LIBPATH:"C:\Program Files (x86)\boost\boost_1_47\lib" /LIBPATH:"F:\Personal and Projects\project\Hand Gesture System\openCv2.4.2 (Source and Setup)\tbb41_20120718oss\lib\intel64\vc10" opencv_calib3d242.lib opencv_contrib242.lib opencv_core242.lib opencv_features2d242.lib opencv_flann242.lib opencv_gpu242.lib opencv_highgui242.lib opencv_imgproc242.lib opencv_legacy242.lib opencv_ml242.lib opencv_nonfree242.lib opencv_objdetect242.lib opencv_photo242.lib opencv_stitching242.lib opencv_ts242.lib opencv_video242.lib kernel32.lib user32.lib gdi32.lib winspool.lib comdlg32.lib advapi32.lib shell32.lib ole32.lib oleaut32.lib uuid.lib odbc32.lib odbccp32.lib /MANIFEST /ManifestFile:"Release\Hand Gesture system.exe.intermediate.manifest" /MANIFESTUAC:"level='asInvoker' uiAccess='false'" /DEBUG /PDB:"F:\Personal and Projects\project\Hand Gesture System\Hand Gesture system\Release\Hand Gesture system.pdb" /SUBSYSTEM:CONSOLE /OPT:REF /OPT:ICF /LTCG /TLBID:1 /DYNAMICBASE /NXCOMPAT /IMPLIB:"F:\Personal and Projects\project\Hand Gesture System\Hand Gesture system\Release\Hand Gesture system.lib" /MACHINE:X86 "Release\Hand Gesture.obj"
         Release\stdafx.obj
         Generating code
         Finished generating code
         Hand Gesture system.vcxproj -> F:\Personal and Projects\project\Hand Gesture System\Hand Gesture system\Release\Hand Gesture system.exe
       Manifest:
         C:\Program Files (x86)\Microsoft SDKs\Windows\v7.0A\bin\mt.exe /nologo /verbose /outputresource:"F:\Personal and Projects\project\Hand Gesture System\Hand Gesture system\Release\Hand Gesture system.exe;#1" /manifest "Release\Hand Gesture system.exe.intermediate.manifest"
       FinalizeBuildStatus:
         Deleting file "Release\Hand Gesture system.unsuccessfulbuild".
         Touching "Release\Hand Gesture system.lastbuildstate".
     1>Done Building Project "F:\Personal and Projects\project\Hand Gesture System\Hand Gesture system\Hand Gesture system\Hand Gesture system.vcxproj" (build target(s)).

Build succeeded.

Time Elapsed 00:00:04.69
